[04-Nov-2021 15:41:25 UTC] PHP Parse error:  syntax error, unexpected end of file in C:\Users\nonom\Local Sites\portfolio\app\public\wp-content\themes\portfolio\index.php on line 1
[04-Nov-2021 15:51:11 UTC] PHP Parse error:  syntax error, unexpected end of file in C:\Users\nonom\Local Sites\portfolio\app\public\wp-content\themes\portfolio\index.php on line 1
[05-Nov-2021 13:10:15 UTC] PHP Parse error:  syntax error, unexpected end of file in C:\Users\nonom\Local Sites\portfolio\app\public\wp-content\themes\portfolio\index.php on line 1
[05-Nov-2021 13:45:11 UTC] PHP Parse error:  syntax error, unexpected end of file in C:\Users\nonom\Local Sites\portfolio\app\public\wp-content\themes\portfolio\index.php on line 1
[05-Nov-2021 13:46:15 UTC] PHP Parse error:  syntax error, unexpected end of file in C:\Users\nonom\Local Sites\portfolio\app\public\wp-content\themes\portfolio\index.php on line 1
[05-Nov-2021 13:46:22 UTC] PHP Parse error:  syntax error, unexpected end of file in C:\Users\nonom\Local Sites\portfolio\app\public\wp-content\themes\portfolio\index.php on line 1
[05-Nov-2021 13:49:20 UTC] PHP Parse error:  syntax error, unexpected end of file in C:\Users\nonom\Local Sites\portfolio\app\public\wp-content\themes\portfolio\index.php on line 1
[05-Nov-2021 13:50:16 UTC] PHP Parse error:  syntax error, unexpected end of file in C:\Users\nonom\Local Sites\portfolio\app\public\wp-content\themes\portfolio\index.php on line 1
[05-Nov-2021 13:51:26 UTC] PHP Parse error:  syntax error, unexpected end of file in C:\Users\nonom\Local Sites\portfolio\app\public\wp-content\themes\portfolio\index.php on line 1
[05-Nov-2021 13:51:31 UTC] PHP Parse error:  syntax error, unexpected end of file in C:\Users\nonom\Local Sites\portfolio\app\public\wp-content\themes\portfolio\index.php on line 1
[05-Nov-2021 13:54:00 UTC] PHP Parse error:  syntax error, unexpected end of file in C:\Users\nonom\Local Sites\portfolio\app\public\wp-content\themes\portfolio\index.php on line 1
[05-Nov-2021 13:55:41 UTC] PHP Parse error:  syntax error, unexpected end of file in C:\Users\nonom\Local Sites\portfolio\app\public\wp-content\themes\portfolio\index.php on line 1
[05-Nov-2021 13:55:46 UTC] PHP Parse error:  syntax error, unexpected end of file in C:\Users\nonom\Local Sites\portfolio\app\public\wp-content\themes\portfolio\index.php on line 1
[05-Nov-2021 13:56:26 UTC] PHP Parse error:  syntax error, unexpected end of file in C:\Users\nonom\Local Sites\portfolio\app\public\wp-content\themes\portfolio\index.php on line 1
[05-Nov-2021 14:08:40 UTC] PHP Parse error:  syntax error, unexpected end of file in C:\Users\nonom\Local Sites\portfolio\app\public\wp-content\themes\portfolio\index.php on line 1
[05-Nov-2021 14:10:09 UTC] PHP Parse error:  syntax error, unexpected end of file in C:\Users\nonom\Local Sites\portfolio\app\public\wp-content\themes\portfolio\index.php on line 1
[05-Nov-2021 14:10:15 UTC] PHP Parse error:  syntax error, unexpected end of file in C:\Users\nonom\Local Sites\portfolio\app\public\wp-content\themes\portfolio\index.php on line 1
[05-Nov-2021 14:12:25 UTC] PHP Parse error:  syntax error, unexpected end of file in C:\Users\nonom\Local Sites\portfolio\app\public\wp-content\themes\portfolio\index.php on line 1
[05-Nov-2021 14:24:24 UTC] PHP Parse error:  syntax error, unexpected end of file in C:\Users\nonom\Local Sites\portfolio\app\public\wp-content\themes\portfolio\index.php on line 1
[05-Nov-2021 14:25:25 UTC] PHP Parse error:  syntax error, unexpected end of file in C:\Users\nonom\Local Sites\portfolio\app\public\wp-content\themes\portfolio\index.php on line 1
[05-Nov-2021 14:26:02 UTC] PHP Parse error:  syntax error, unexpected end of file in C:\Users\nonom\Local Sites\portfolio\app\public\wp-content\themes\portfolio\index.php on line 1
[05-Nov-2021 14:26:42 UTC] PHP Parse error:  syntax error, unexpected end of file in C:\Users\nonom\Local Sites\portfolio\app\public\wp-content\themes\portfolio\index.php on line 1
[05-Nov-2021 14:32:51 UTC] PHP Parse error:  syntax error, unexpected end of file in C:\Users\nonom\Local Sites\portfolio\app\public\wp-content\themes\portfolio\index.php on line 1
[05-Nov-2021 14:39:17 UTC] PHP Parse error:  syntax error, unexpected end of file in C:\Users\nonom\Local Sites\portfolio\app\public\wp-content\themes\portfolio\index.php on line 1
[05-Nov-2021 15:03:52 UTC] PHP Parse error:  syntax error, unexpected end of file in C:\Users\nonom\Local Sites\portfolio\app\public\wp-content\themes\portfolio\index.php on line 1
[05-Nov-2021 15:03:59 UTC] PHP Parse error:  syntax error, unexpected end of file in C:\Users\nonom\Local Sites\portfolio\app\public\wp-content\themes\portfolio\index.php on line 1
[05-Nov-2021 15:06:45 UTC] PHP Parse error:  syntax error, unexpected end of file in C:\Users\nonom\Local Sites\portfolio\app\public\wp-content\themes\portfolio\index.php on line 1
[05-Nov-2021 15:09:23 UTC] PHP Parse error:  syntax error, unexpected end of file in C:\Users\nonom\Local Sites\portfolio\app\public\wp-content\themes\portfolio\index.php on line 1
[05-Nov-2021 15:55:28 UTC] PHP Parse error:  syntax error, unexpected end of file in C:\Users\nonom\Local Sites\portfolio\app\public\wp-content\themes\portfolio\index.php on line 1
[05-Nov-2021 15:56:12 UTC] PHP Parse error:  syntax error, unexpected end of file in C:\Users\nonom\Local Sites\portfolio\app\public\wp-content\themes\portfolio\index.php on line 1
[05-Nov-2021 16:20:40 UTC] PHP Parse error:  syntax error, unexpected end of file in C:\Users\nonom\Local Sites\portfolio\app\public\wp-content\themes\portfolio\index.php on line 1
[05-Nov-2021 16:21:44 UTC] PHP Parse error:  syntax error, unexpected end of file in C:\Users\nonom\Local Sites\portfolio\app\public\wp-content\themes\portfolio\index.php on line 1
[05-Nov-2021 16:27:29 UTC] PHP Parse error:  syntax error, unexpected end of file in C:\Users\nonom\Local Sites\portfolio\app\public\wp-content\themes\portfolio\index.php on line 1
[05-Nov-2021 16:27:33 UTC] PHP Fatal error:  Uncaught Error: Call to undefined function get_main_image() in C:\Users\nonom\Local Sites\portfolio\app\public\wp-content\themes\portfolio\header.php:63
Stack trace:
#0 C:\Users\nonom\Local Sites\portfolio\app\public\wp-includes\template.php(770): require_once()
#1 C:\Users\nonom\Local Sites\portfolio\app\public\wp-includes\template.php(716): load_template('C:\\Users\\nonom\\...', true, Array)
#2 C:\Users\nonom\Local Sites\portfolio\app\public\wp-includes\general-template.php(48): locate_template(Array, true, true, Array)
#3 C:\Users\nonom\Local Sites\portfolio\app\public\wp-content\themes\portfolio\archive.php(1): get_header()
#4 C:\Users\nonom\Local Sites\portfolio\app\public\wp-includes\template-loader.php(106): include('C:\\Users\\nonom\\...')
#5 C:\Users\nonom\Local Sites\portfolio\app\public\wp-blog-header.php(19): require_once('C:\\Users\\nonom\\...')
#6 C:\Users\nonom\Local Sites\portfolio\app\public\index.php(17): require('C:\\Users\\nonom\\...')
#7 {main}
  thrown in C:\Users\nonom\Local Sites\portfolio\app\public\wp-content\themes\portfolio\header.php on line 63
[05-Nov-2021 16:27:51 UTC] PHP Fatal error:  Uncaught Error: Call to undefined function get_main_image() in C:\Users\nonom\Local Sites\portfolio\app\public\wp-content\themes\portfolio\header.php:63
Stack trace:
#0 C:\Users\nonom\Local Sites\portfolio\app\public\wp-includes\template.php(770): require_once()
#1 C:\Users\nonom\Local Sites\portfolio\app\public\wp-includes\template.php(716): load_template('C:\\Users\\nonom\\...', true, Array)
#2 C:\Users\nonom\Local Sites\portfolio\app\public\wp-includes\general-template.php(48): locate_template(Array, true, true, Array)
#3 C:\Users\nonom\Local Sites\portfolio\app\public\wp-content\themes\portfolio\archive.php(1): get_header()
#4 C:\Users\nonom\Local Sites\portfolio\app\public\wp-includes\template-loader.php(106): include('C:\\Users\\nonom\\...')
#5 C:\Users\nonom\Local Sites\portfolio\app\public\wp-blog-header.php(19): require_once('C:\\Users\\nonom\\...')
#6 C:\Users\nonom\Local Sites\portfolio\app\public\index.php(17): require('C:\\Users\\nonom\\...')
#7 {main}
  thrown in C:\Users\nonom\Local Sites\portfolio\app\public\wp-content\themes\portfolio\header.php on line 63
[05-Nov-2021 16:27:54 UTC] PHP Fatal error:  Uncaught Error: Call to undefined function get_main_image() in C:\Users\nonom\Local Sites\portfolio\app\public\wp-content\themes\portfolio\header.php:63
Stack trace:
#0 C:\Users\nonom\Local Sites\portfolio\app\public\wp-includes\template.php(770): require_once()
#1 C:\Users\nonom\Local Sites\portfolio\app\public\wp-includes\template.php(716): load_template('C:\\Users\\nonom\\...', true, Array)
#2 C:\Users\nonom\Local Sites\portfolio\app\public\wp-includes\general-template.php(48): locate_template(Array, true, true, Array)
#3 C:\Users\nonom\Local Sites\portfolio\app\public\wp-content\themes\portfolio\single.php(1): get_header()
#4 C:\Users\nonom\Local Sites\portfolio\app\public\wp-includes\template-loader.php(106): include('C:\\Users\\nonom\\...')
#5 C:\Users\nonom\Local Sites\portfolio\app\public\wp-blog-header.php(19): require_once('C:\\Users\\nonom\\...')
#6 C:\Users\nonom\Local Sites\portfolio\app\public\index.php(17): require('C:\\Users\\nonom\\...')
#7 {main}
  thrown in C:\Users\nonom\Local Sites\portfolio\app\public\wp-content\themes\portfolio\header.php on line 63
[05-Nov-2021 16:27:56 UTC] PHP Fatal error:  Uncaught Error: Call to undefined function get_main_image() in C:\Users\nonom\Local Sites\portfolio\app\public\wp-content\themes\portfolio\header.php:63
Stack trace:
#0 C:\Users\nonom\Local Sites\portfolio\app\public\wp-includes\template.php(770): require_once()
#1 C:\Users\nonom\Local Sites\portfolio\app\public\wp-includes\template.php(716): load_template('C:\\Users\\nonom\\...', true, Array)
#2 C:\Users\nonom\Local Sites\portfolio\app\public\wp-includes\general-template.php(48): locate_template(Array, true, true, Array)
#3 C:\Users\nonom\Local Sites\portfolio\app\public\wp-content\themes\portfolio\page.php(1): get_header()
#4 C:\Users\nonom\Local Sites\portfolio\app\public\wp-includes\template-loader.php(106): include('C:\\Users\\nonom\\...')
#5 C:\Users\nonom\Local Sites\portfolio\app\public\wp-blog-header.php(19): require_once('C:\\Users\\nonom\\...')
#6 C:\Users\nonom\Local Sites\portfolio\app\public\index.php(17): require('C:\\Users\\nonom\\...')
#7 {main}
  thrown in C:\Users\nonom\Local Sites\portfolio\app\public\wp-content\themes\portfolio\header.php on line 63
[07-Nov-2021 10:48:10 UTC] PHP Parse error:  syntax error, unexpected end of file in C:\Users\nonom\Local Sites\portfolio\app\public\wp-content\themes\portfolio\index.php on line 1
[07-Nov-2021 11:06:00 UTC] PHP Parse error:  syntax error, unexpected end of file in C:\Users\nonom\Local Sites\portfolio\app\public\wp-content\themes\portfolio\index.php on line 1
[07-Nov-2021 11:16:41 UTC] PHP Parse error:  syntax error, unexpected end of file in C:\Users\nonom\Local Sites\portfolio\app\public\wp-content\themes\portfolio\index.php on line 1
[07-Nov-2021 11:29:29 UTC] PHP Parse error:  syntax error, unexpected end of file in C:\Users\nonom\Local Sites\portfolio\app\public\wp-content\themes\portfolio\index.php on line 1
[07-Nov-2021 11:36:47 UTC] PHP Parse error:  syntax error, unexpected end of file in C:\Users\nonom\Local Sites\portfolio\app\public\wp-content\themes\portfolio\index.php on line 1
[07-Nov-2021 11:44:11 UTC] PHP Parse error:  syntax error, unexpected end of file in C:\Users\nonom\Local Sites\portfolio\app\public\wp-content\themes\portfolio\index.php on line 1
[07-Nov-2021 12:38:23 UTC] PHP Parse error:  syntax error, unexpected end of file in C:\Users\nonom\Local Sites\portfolio\app\public\wp-content\themes\portfolio\index.php on line 1
[07-Nov-2021 12:39:10 UTC] PHP Parse error:  syntax error, unexpected end of file in C:\Users\nonom\Local Sites\portfolio\app\public\wp-content\themes\portfolio\index.php on line 1
[07-Nov-2021 12:47:56 UTC] PHP Parse error:  syntax error, unexpected end of file in C:\Users\nonom\Local Sites\portfolio\app\public\wp-content\themes\portfolio\index.php on line 1
[07-Nov-2021 18:05:22 UTC] PHP Parse error:  syntax error, unexpected end of file in C:\Users\nonom\Local Sites\portfolio\app\public\wp-content\themes\portfolio\index.php on line 1
[07-Nov-2021 18:19:43 UTC] PHP Parse error:  syntax error, unexpected end of file in C:\Users\nonom\Local Sites\portfolio\app\public\wp-content\themes\portfolio\index.php on line 1
[07-Nov-2021 18:44:40 UTC] PHP Parse error:  syntax error, unexpected end of file in C:\Users\nonom\Local Sites\portfolio\app\public\wp-content\themes\portfolio\index.php on line 1
[07-Nov-2021 18:49:24 UTC] PHP Parse error:  syntax error, unexpected end of file in C:\Users\nonom\Local Sites\portfolio\app\public\wp-content\themes\portfolio\index.php on line 1
[08-Nov-2021 02:40:43 UTC] PHP Fatal error:  Uncaught Error: Call to undefined function nthe_title() in C:\Users\nonom\Local Sites\portfolio\app\public\wp-content\themes\portfolio\front-page.php:191
Stack trace:
#0 C:\Users\nonom\Local Sites\portfolio\app\public\wp-includes\template-loader.php(106): include()
#1 C:\Users\nonom\Local Sites\portfolio\app\public\wp-blog-header.php(19): require_once('C:\\Users\\nonom\\...')
#2 C:\Users\nonom\Local Sites\portfolio\app\public\index.php(17): require('C:\\Users\\nonom\\...')
#3 {main}
  thrown in C:\Users\nonom\Local Sites\portfolio\app\public\wp-content\themes\portfolio\front-page.php on line 191
[08-Nov-2021 03:03:51 UTC] PHP Fatal error:  Uncaught Error: Call to undefined function nthe_title() in C:\Users\nonom\Local Sites\portfolio\app\public\wp-content\themes\portfolio\front-page.php:192
Stack trace:
#0 C:\Users\nonom\Local Sites\portfolio\app\public\wp-includes\template-loader.php(106): include()
#1 C:\Users\nonom\Local Sites\portfolio\app\public\wp-blog-header.php(19): require_once('C:\\Users\\nonom\\...')
#2 C:\Users\nonom\Local Sites\portfolio\app\public\index.php(17): require('C:\\Users\\nonom\\...')
#3 {main}
  thrown in C:\Users\nonom\Local Sites\portfolio\app\public\wp-content\themes\portfolio\front-page.php on line 192
[08-Nov-2021 03:03:54 UTC] PHP Fatal error:  Uncaught Error: Call to undefined function nthe_title() in C:\Users\nonom\Local Sites\portfolio\app\public\wp-content\themes\portfolio\front-page.php:192
Stack trace:
#0 C:\Users\nonom\Local Sites\portfolio\app\public\wp-includes\template-loader.php(106): include()
#1 C:\Users\nonom\Local Sites\portfolio\app\public\wp-blog-header.php(19): require_once('C:\\Users\\nonom\\...')
#2 C:\Users\nonom\Local Sites\portfolio\app\public\index.php(17): require('C:\\Users\\nonom\\...')
#3 {main}
  thrown in C:\Users\nonom\Local Sites\portfolio\app\public\wp-content\themes\portfolio\front-page.php on line 192
[08-Nov-2021 03:04:41 UTC] PHP Parse error:  syntax error, unexpected end of file in C:\Users\nonom\Local Sites\portfolio\app\public\wp-content\themes\portfolio\index.php on line 1
[08-Nov-2021 03:06:30 UTC] PHP Fatal error:  Uncaught Error: Call to undefined function nthe_title() in C:\Users\nonom\Local Sites\portfolio\app\public\wp-content\themes\portfolio\front-page.php:192
Stack trace:
#0 C:\Users\nonom\Local Sites\portfolio\app\public\wp-includes\template-loader.php(106): include()
#1 C:\Users\nonom\Local Sites\portfolio\app\public\wp-blog-header.php(19): require_once('C:\\Users\\nonom\\...')
#2 C:\Users\nonom\Local Sites\portfolio\app\public\index.php(17): require('C:\\Users\\nonom\\...')
#3 {main}
  thrown in C:\Users\nonom\Local Sites\portfolio\app\public\wp-content\themes\portfolio\front-page.php on line 192
[08-Nov-2021 03:07:40 UTC] PHP Parse error:  syntax error, unexpected end of file in C:\Users\nonom\Local Sites\portfolio\app\public\wp-content\themes\portfolio\index.php on line 1
[08-Nov-2021 03:08:53 UTC] PHP Parse error:  syntax error, unexpected end of file in C:\Users\nonom\Local Sites\portfolio\app\public\wp-content\themes\portfolio\index.php on line 1
[08-Nov-2021 03:55:37 UTC] PHP Parse error:  syntax error, unexpected end of file in C:\Users\nonom\Local Sites\portfolio\app\public\wp-content\themes\portfolio\front-page.php on line 269
[08-Nov-2021 03:58:09 UTC] PHP Fatal error:  Uncaught Error: Call to undefined function get_specific_posts() in C:\Users\nonom\Local Sites\portfolio\app\public\wp-content\themes\portfolio\front-page.php:227
Stack trace:
#0 C:\Users\nonom\Local Sites\portfolio\app\public\wp-includes\template-loader.php(106): include()
#1 C:\Users\nonom\Local Sites\portfolio\app\public\wp-blog-header.php(19): require_once('C:\\Users\\nonom\\...')
#2 C:\Users\nonom\Local Sites\portfolio\app\public\index.php(17): require('C:\\Users\\nonom\\...')
#3 {main}
  thrown in C:\Users\nonom\Local Sites\portfolio\app\public\wp-content\themes\portfolio\front-page.php on line 227
[08-Nov-2021 04:00:13 UTC] PHP Fatal error:  Uncaught Error: Call to undefined function get_specific_posts() in C:\Users\nonom\Local Sites\portfolio\app\public\wp-content\themes\portfolio\front-page.php:227
Stack trace:
#0 C:\Users\nonom\Local Sites\portfolio\app\public\wp-includes\template-loader.php(106): include()
#1 C:\Users\nonom\Local Sites\portfolio\app\public\wp-blog-header.php(19): require_once('C:\\Users\\nonom\\...')
#2 C:\Users\nonom\Local Sites\portfolio\app\public\index.php(17): require('C:\\Users\\nonom\\...')
#3 {main}
  thrown in C:\Users\nonom\Local Sites\portfolio\app\public\wp-content\themes\portfolio\front-page.php on line 227
[08-Nov-2021 04:01:17 UTC] PHP Parse error:  syntax error, unexpected end of file in C:\Users\nonom\Local Sites\portfolio\app\public\wp-content\themes\portfolio\index.php on line 1
[08-Nov-2021 04:09:42 UTC] PHP Parse error:  syntax error, unexpected end of file in C:\Users\nonom\Local Sites\portfolio\app\public\wp-content\themes\portfolio\index.php on line 1
[08-Nov-2021 05:01:48 UTC] PHP Parse error:  syntax error, unexpected end of file in C:\Users\nonom\Local Sites\portfolio\app\public\wp-content\themes\portfolio\index.php on line 1
[08-Nov-2021 05:03:57 UTC] PHP Warning:  予期しないエラーが発生しました。WordPress.org かこのサーバーの設定に何か問題があるかもしれません。問題が続くようであれば、<a href="https://ja.wordpress.org/support/forums/">サポートフォーラム</a>を参照してみてください。 (WordPress は WordPress.org との安全な接続を確立できませんでした。サーバー管理者にご連絡ください) in C:\Users\nonom\Local Sites\portfolio\app\public\wp-admin\includes\plugin-install.php on line 183
[08-Nov-2021 05:03:57 UTC] PHP Stack trace:
[08-Nov-2021 05:03:57 UTC] PHP   1. {main}() C:\Users\nonom\Local Sites\portfolio\app\public\wp-admin\plugin-install.php:0
[08-Nov-2021 05:03:57 UTC] PHP   2. do_action() C:\Users\nonom\Local Sites\portfolio\app\public\wp-admin\plugin-install.php:173
[08-Nov-2021 05:03:57 UTC] PHP   3. WP_Hook->do_action() C:\Users\nonom\Local Sites\portfolio\app\public\wp-includes\plugin.php:470
[08-Nov-2021 05:03:57 UTC] PHP   4. WP_Hook->apply_filters() C:\Users\nonom\Local Sites\portfolio\app\public\wp-includes\class-wp-hook.php:327
[08-Nov-2021 05:03:57 UTC] PHP   5. install_dashboard() C:\Users\nonom\Local Sites\portfolio\app\public\wp-includes\class-wp-hook.php:303
[08-Nov-2021 05:03:57 UTC] PHP   6. install_popular_tags() C:\Users\nonom\Local Sites\portfolio\app\public\wp-admin\includes\plugin-install.php:285
[08-Nov-2021 05:03:57 UTC] PHP   7. plugins_api() C:\Users\nonom\Local Sites\portfolio\app\public\wp-admin\includes\plugin-install.php:252
[08-Nov-2021 05:03:57 UTC] PHP   8. trigger_error() C:\Users\nonom\Local Sites\portfolio\app\public\wp-admin\includes\plugin-install.php:183
[08-Nov-2021 07:05:44 UTC] PHP Parse error:  syntax error, unexpected end of file in C:\Users\nonom\Local Sites\portfolio\app\public\wp-content\themes\portfolio\index.php on line 1
[08-Nov-2021 07:11:16 UTC] PHP Parse error:  syntax error, unexpected end of file in C:\Users\nonom\Local Sites\portfolio\app\public\wp-content\themes\portfolio\index.php on line 1
[08-Nov-2021 07:12:16 UTC] PHP Parse error:  syntax error, unexpected end of file in C:\Users\nonom\Local Sites\portfolio\app\public\wp-content\themes\portfolio\index.php on line 1
[10-Nov-2021 13:46:00 UTC] PHP Fatal error:  Cannot redeclare theme_widgets_init() (previously declared in C:\Users\nonom\Local Sites\portfolio\app\public\wp-content\themes\portfolio\functions.php:131) in C:\Users\nonom\Local Sites\portfolio\app\public\wp-content\themes\portfolio\functions.php on line 155
[10-Nov-2021 13:46:00 UTC] PHP Stack trace:
[10-Nov-2021 13:46:00 UTC] PHP   1. {main}() C:\Users\nonom\Local Sites\portfolio\app\public\wp-admin\admin-ajax.php:0
[10-Nov-2021 13:46:00 UTC] PHP   2. require_once() C:\Users\nonom\Local Sites\portfolio\app\public\wp-admin\admin-ajax.php:22
[10-Nov-2021 13:46:00 UTC] PHP   3. require_once() C:\Users\nonom\Local Sites\portfolio\app\public\wp-load.php:50
[10-Nov-2021 13:46:00 UTC] PHP   4. require_once() C:\Users\nonom\Local Sites\portfolio\app\public\wp-config.php:79
[10-Nov-2021 13:47:59 UTC] PHP Fatal error:  Cannot redeclare theme_widgets_init() (previously declared in C:\Users\nonom\Local Sites\portfolio\app\public\wp-content\themes\portfolio\functions.php:131) in C:\Users\nonom\Local Sites\portfolio\app\public\wp-content\themes\portfolio\functions.php on line 155
[10-Nov-2021 13:47:59 UTC] PHP Stack trace:
[10-Nov-2021 13:47:59 UTC] PHP   1. {main}() C:\Users\nonom\Local Sites\portfolio\app\public\wp-admin\admin-ajax.php:0
[10-Nov-2021 13:47:59 UTC] PHP   2. require_once() C:\Users\nonom\Local Sites\portfolio\app\public\wp-admin\admin-ajax.php:22
[10-Nov-2021 13:47:59 UTC] PHP   3. require_once() C:\Users\nonom\Local Sites\portfolio\app\public\wp-load.php:50
[10-Nov-2021 13:47:59 UTC] PHP   4. require_once() C:\Users\nonom\Local Sites\portfolio\app\public\wp-config.php:79
[10-Nov-2021 13:48:23 UTC] PHP Fatal error:  Cannot redeclare theme_widgets_init() (previously declared in C:\Users\nonom\Local Sites\portfolio\app\public\wp-content\themes\portfolio\functions.php:131) in C:\Users\nonom\Local Sites\portfolio\app\public\wp-content\themes\portfolio\functions.php on line 155
[10-Nov-2021 13:48:23 UTC] PHP Stack trace:
[10-Nov-2021 13:48:23 UTC] PHP   1. {main}() C:\Users\nonom\Local Sites\portfolio\app\public\wp-admin\widgets.php:0
[10-Nov-2021 13:48:23 UTC] PHP   2. require_once() C:\Users\nonom\Local Sites\portfolio\app\public\wp-admin\widgets.php:10
[10-Nov-2021 13:48:23 UTC] PHP   3. require_once() C:\Users\nonom\Local Sites\portfolio\app\public\wp-admin\admin.php:34
[10-Nov-2021 13:48:23 UTC] PHP   4. require_once() C:\Users\nonom\Local Sites\portfolio\app\public\wp-load.php:50
[10-Nov-2021 13:48:23 UTC] PHP   5. require_once() C:\Users\nonom\Local Sites\portfolio\app\public\wp-config.php:79
[10-Nov-2021 13:48:24 UTC] PHP Fatal error:  Cannot redeclare theme_widgets_init() (previously declared in C:\Users\nonom\Local Sites\portfolio\app\public\wp-content\themes\portfolio\functions.php:131) in C:\Users\nonom\Local Sites\portfolio\app\public\wp-content\themes\portfolio\functions.php on line 155
[10-Nov-2021 13:48:24 UTC] PHP Stack trace:
[10-Nov-2021 13:48:24 UTC] PHP   1. {main}() C:\Users\nonom\Local Sites\portfolio\app\public\index.php:0
[10-Nov-2021 13:48:24 UTC] PHP   2. require() C:\Users\nonom\Local Sites\portfolio\app\public\index.php:17
[10-Nov-2021 13:48:24 UTC] PHP   3. require_once() C:\Users\nonom\Local Sites\portfolio\app\public\wp-blog-header.php:13
[10-Nov-2021 13:48:24 UTC] PHP   4. require_once() C:\Users\nonom\Local Sites\portfolio\app\public\wp-load.php:50
[10-Nov-2021 13:48:24 UTC] PHP   5. require_once() C:\Users\nonom\Local Sites\portfolio\app\public\wp-config.php:79
[10-Nov-2021 14:17:20 UTC] PHP Fatal error:  Cannot redeclare theme_widgets_init() (previously declared in C:\Users\nonom\Local Sites\portfolio\app\public\wp-content\themes\portfolio\functions.php:131) in C:\Users\nonom\Local Sites\portfolio\app\public\wp-content\themes\portfolio\functions.php on line 155
[10-Nov-2021 14:17:20 UTC] PHP Stack trace:
[10-Nov-2021 14:17:20 UTC] PHP   1. {main}() C:\Users\nonom\Local Sites\portfolio\app\public\wp-admin\widgets.php:0
[10-Nov-2021 14:17:20 UTC] PHP   2. require_once() C:\Users\nonom\Local Sites\portfolio\app\public\wp-admin\widgets.php:10
[10-Nov-2021 14:17:20 UTC] PHP   3. require_once() C:\Users\nonom\Local Sites\portfolio\app\public\wp-admin\admin.php:34
[10-Nov-2021 14:17:20 UTC] PHP   4. require_once() C:\Users\nonom\Local Sites\portfolio\app\public\wp-load.php:50
[10-Nov-2021 14:17:20 UTC] PHP   5. require_once() C:\Users\nonom\Local Sites\portfolio\app\public\wp-config.php:79
[10-Nov-2021 14:17:21 UTC] PHP Fatal error:  Cannot redeclare theme_widgets_init() (previously declared in C:\Users\nonom\Local Sites\portfolio\app\public\wp-content\themes\portfolio\functions.php:131) in C:\Users\nonom\Local Sites\portfolio\app\public\wp-content\themes\portfolio\functions.php on line 155
[10-Nov-2021 14:17:21 UTC] PHP Stack trace:
[10-Nov-2021 14:17:21 UTC] PHP   1. {main}() C:\Users\nonom\Local Sites\portfolio\app\public\index.php:0
[10-Nov-2021 14:17:21 UTC] PHP   2. require() C:\Users\nonom\Local Sites\portfolio\app\public\index.php:17
[10-Nov-2021 14:17:21 UTC] PHP   3. require_once() C:\Users\nonom\Local Sites\portfolio\app\public\wp-blog-header.php:13
[10-Nov-2021 14:17:21 UTC] PHP   4. require_once() C:\Users\nonom\Local Sites\portfolio\app\public\wp-load.php:50
[10-Nov-2021 14:17:21 UTC] PHP   5. require_once() C:\Users\nonom\Local Sites\portfolio\app\public\wp-config.php:79
[10-Nov-2021 14:17:32 UTC] PHP Fatal error:  Cannot redeclare theme_widgets_init() (previously declared in C:\Users\nonom\Local Sites\portfolio\app\public\wp-content\themes\portfolio\functions.php:131) in C:\Users\nonom\Local Sites\portfolio\app\public\wp-content\themes\portfolio\functions.php on line 155
[10-Nov-2021 14:17:32 UTC] PHP Stack trace:
[10-Nov-2021 14:17:32 UTC] PHP   1. {main}() C:\Users\nonom\Local Sites\portfolio\app\public\wp-admin\widgets.php:0
[10-Nov-2021 14:17:32 UTC] PHP   2. require_once() C:\Users\nonom\Local Sites\portfolio\app\public\wp-admin\widgets.php:10
[10-Nov-2021 14:17:32 UTC] PHP   3. require_once() C:\Users\nonom\Local Sites\portfolio\app\public\wp-admin\admin.php:34
[10-Nov-2021 14:17:32 UTC] PHP   4. require_once() C:\Users\nonom\Local Sites\portfolio\app\public\wp-load.php:50
[10-Nov-2021 14:17:32 UTC] PHP   5. require_once() C:\Users\nonom\Local Sites\portfolio\app\public\wp-config.php:79
[10-Nov-2021 14:17:32 UTC] PHP Fatal error:  Cannot redeclare theme_widgets_init() (previously declared in C:\Users\nonom\Local Sites\portfolio\app\public\wp-content\themes\portfolio\functions.php:131) in C:\Users\nonom\Local Sites\portfolio\app\public\wp-content\themes\portfolio\functions.php on line 155
[10-Nov-2021 14:17:32 UTC] PHP Stack trace:
[10-Nov-2021 14:17:32 UTC] PHP   1. {main}() C:\Users\nonom\Local Sites\portfolio\app\public\index.php:0
[10-Nov-2021 14:17:32 UTC] PHP   2. require() C:\Users\nonom\Local Sites\portfolio\app\public\index.php:17
[10-Nov-2021 14:17:32 UTC] PHP   3. require_once() C:\Users\nonom\Local Sites\portfolio\app\public\wp-blog-header.php:13
[10-Nov-2021 14:17:32 UTC] PHP   4. require_once() C:\Users\nonom\Local Sites\portfolio\app\public\wp-load.php:50
[10-Nov-2021 14:17:32 UTC] PHP   5. require_once() C:\Users\nonom\Local Sites\portfolio\app\public\wp-config.php:79
[10-Nov-2021 14:17:34 UTC] PHP Fatal error:  Cannot redeclare theme_widgets_init() (previously declared in C:\Users\nonom\Local Sites\portfolio\app\public\wp-content\themes\portfolio\functions.php:131) in C:\Users\nonom\Local Sites\portfolio\app\public\wp-content\themes\portfolio\functions.php on line 155
[10-Nov-2021 14:17:34 UTC] PHP Stack trace:
[10-Nov-2021 14:17:34 UTC] PHP   1. {main}() C:\Users\nonom\Local Sites\portfolio\app\public\wp-admin\widgets.php:0
[10-Nov-2021 14:17:34 UTC] PHP   2. require_once() C:\Users\nonom\Local Sites\portfolio\app\public\wp-admin\widgets.php:10
[10-Nov-2021 14:17:34 UTC] PHP   3. require_once() C:\Users\nonom\Local Sites\portfolio\app\public\wp-admin\admin.php:34
[10-Nov-2021 14:17:34 UTC] PHP   4. require_once() C:\Users\nonom\Local Sites\portfolio\app\public\wp-load.php:50
[10-Nov-2021 14:17:34 UTC] PHP   5. require_once() C:\Users\nonom\Local Sites\portfolio\app\public\wp-config.php:79
[10-Nov-2021 14:17:35 UTC] PHP Fatal error:  Cannot redeclare theme_widgets_init() (previously declared in C:\Users\nonom\Local Sites\portfolio\app\public\wp-content\themes\portfolio\functions.php:131) in C:\Users\nonom\Local Sites\portfolio\app\public\wp-content\themes\portfolio\functions.php on line 155
[10-Nov-2021 14:17:35 UTC] PHP Stack trace:
[10-Nov-2021 14:17:35 UTC] PHP   1. {main}() C:\Users\nonom\Local Sites\portfolio\app\public\index.php:0
[10-Nov-2021 14:17:35 UTC] PHP   2. require() C:\Users\nonom\Local Sites\portfolio\app\public\index.php:17
[10-Nov-2021 14:17:35 UTC] PHP   3. require_once() C:\Users\nonom\Local Sites\portfolio\app\public\wp-blog-header.php:13
[10-Nov-2021 14:17:35 UTC] PHP   4. require_once() C:\Users\nonom\Local Sites\portfolio\app\public\wp-load.php:50
[10-Nov-2021 14:17:35 UTC] PHP   5. require_once() C:\Users\nonom\Local Sites\portfolio\app\public\wp-config.php:79
[10-Nov-2021 14:17:54 UTC] PHP Fatal error:  Cannot redeclare theme_widgets_init() (previously declared in C:\Users\nonom\Local Sites\portfolio\app\public\wp-content\themes\portfolio\functions.php:131) in C:\Users\nonom\Local Sites\portfolio\app\public\wp-content\themes\portfolio\functions.php on line 155
[10-Nov-2021 14:17:54 UTC] PHP Stack trace:
[10-Nov-2021 14:17:54 UTC] PHP   1. {main}() C:\Users\nonom\Local Sites\portfolio\app\public\wp-admin\widgets.php:0
[10-Nov-2021 14:17:54 UTC] PHP   2. require_once() C:\Users\nonom\Local Sites\portfolio\app\public\wp-admin\widgets.php:10
[10-Nov-2021 14:17:54 UTC] PHP   3. require_once() C:\Users\nonom\Local Sites\portfolio\app\public\wp-admin\admin.php:34
[10-Nov-2021 14:17:54 UTC] PHP   4. require_once() C:\Users\nonom\Local Sites\portfolio\app\public\wp-load.php:50
[10-Nov-2021 14:17:54 UTC] PHP   5. require_once() C:\Users\nonom\Local Sites\portfolio\app\public\wp-config.php:79
[10-Nov-2021 14:17:55 UTC] PHP Fatal error:  Cannot redeclare theme_widgets_init() (previously declared in C:\Users\nonom\Local Sites\portfolio\app\public\wp-content\themes\portfolio\functions.php:131) in C:\Users\nonom\Local Sites\portfolio\app\public\wp-content\themes\portfolio\functions.php on line 155
[10-Nov-2021 14:17:55 UTC] PHP Stack trace:
[10-Nov-2021 14:17:55 UTC] PHP   1. {main}() C:\Users\nonom\Local Sites\portfolio\app\public\index.php:0
[10-Nov-2021 14:17:55 UTC] PHP   2. require() C:\Users\nonom\Local Sites\portfolio\app\public\index.php:17
[10-Nov-2021 14:17:55 UTC] PHP   3. require_once() C:\Users\nonom\Local Sites\portfolio\app\public\wp-blog-header.php:13
[10-Nov-2021 14:17:55 UTC] PHP   4. require_once() C:\Users\nonom\Local Sites\portfolio\app\public\wp-load.php:50
[10-Nov-2021 14:17:55 UTC] PHP   5. require_once() C:\Users\nonom\Local Sites\portfolio\app\public\wp-config.php:79
[10-Nov-2021 14:17:57 UTC] PHP Fatal error:  Cannot redeclare theme_widgets_init() (previously declared in C:\Users\nonom\Local Sites\portfolio\app\public\wp-content\themes\portfolio\functions.php:131) in C:\Users\nonom\Local Sites\portfolio\app\public\wp-content\themes\portfolio\functions.php on line 155
[10-Nov-2021 14:17:57 UTC] PHP Stack trace:
[10-Nov-2021 14:17:57 UTC] PHP   1. {main}() C:\Users\nonom\Local Sites\portfolio\app\public\wp-admin\widgets.php:0
[10-Nov-2021 14:17:57 UTC] PHP   2. require_once() C:\Users\nonom\Local Sites\portfolio\app\public\wp-admin\widgets.php:10
[10-Nov-2021 14:17:57 UTC] PHP   3. require_once() C:\Users\nonom\Local Sites\portfolio\app\public\wp-admin\admin.php:34
[10-Nov-2021 14:17:57 UTC] PHP   4. require_once() C:\Users\nonom\Local Sites\portfolio\app\public\wp-load.php:50
[10-Nov-2021 14:17:57 UTC] PHP   5. require_once() C:\Users\nonom\Local Sites\portfolio\app\public\wp-config.php:79
[10-Nov-2021 14:17:58 UTC] PHP Fatal error:  Cannot redeclare theme_widgets_init() (previously declared in C:\Users\nonom\Local Sites\portfolio\app\public\wp-content\themes\portfolio\functions.php:131) in C:\Users\nonom\Local Sites\portfolio\app\public\wp-content\themes\portfolio\functions.php on line 155
[10-Nov-2021 14:17:58 UTC] PHP Stack trace:
[10-Nov-2021 14:17:58 UTC] PHP   1. {main}() C:\Users\nonom\Local Sites\portfolio\app\public\index.php:0
[10-Nov-2021 14:17:58 UTC] PHP   2. require() C:\Users\nonom\Local Sites\portfolio\app\public\index.php:17
[10-Nov-2021 14:17:58 UTC] PHP   3. require_once() C:\Users\nonom\Local Sites\portfolio\app\public\wp-blog-header.php:13
[10-Nov-2021 14:17:58 UTC] PHP   4. require_once() C:\Users\nonom\Local Sites\portfolio\app\public\wp-load.php:50
[10-Nov-2021 14:17:58 UTC] PHP   5. require_once() C:\Users\nonom\Local Sites\portfolio\app\public\wp-config.php:79
[10-Nov-2021 14:18:23 UTC] PHP Fatal error:  Cannot redeclare theme_widgets_init() (previously declared in C:\Users\nonom\Local Sites\portfolio\app\public\wp-content\themes\portfolio\functions.php:131) in C:\Users\nonom\Local Sites\portfolio\app\public\wp-content\themes\portfolio\functions.php on line 155
[10-Nov-2021 14:18:23 UTC] PHP Stack trace:
[10-Nov-2021 14:18:23 UTC] PHP   1. {main}() C:\Users\nonom\Local Sites\portfolio\app\public\wp-admin\widgets.php:0
[10-Nov-2021 14:18:23 UTC] PHP   2. require_once() C:\Users\nonom\Local Sites\portfolio\app\public\wp-admin\widgets.php:10
[10-Nov-2021 14:18:23 UTC] PHP   3. require_once() C:\Users\nonom\Local Sites\portfolio\app\public\wp-admin\admin.php:34
[10-Nov-2021 14:18:23 UTC] PHP   4. require_once() C:\Users\nonom\Local Sites\portfolio\app\public\wp-load.php:50
[10-Nov-2021 14:18:23 UTC] PHP   5. require_once() C:\Users\nonom\Local Sites\portfolio\app\public\wp-config.php:79
[10-Nov-2021 14:18:24 UTC] PHP Fatal error:  Cannot redeclare theme_widgets_init() (previously declared in C:\Users\nonom\Local Sites\portfolio\app\public\wp-content\themes\portfolio\functions.php:131) in C:\Users\nonom\Local Sites\portfolio\app\public\wp-content\themes\portfolio\functions.php on line 155
[10-Nov-2021 14:18:24 UTC] PHP Stack trace:
[10-Nov-2021 14:18:24 UTC] PHP   1. {main}() C:\Users\nonom\Local Sites\portfolio\app\public\index.php:0
[10-Nov-2021 14:18:24 UTC] PHP   2. require() C:\Users\nonom\Local Sites\portfolio\app\public\index.php:17
[10-Nov-2021 14:18:24 UTC] PHP   3. require_once() C:\Users\nonom\Local Sites\portfolio\app\public\wp-blog-header.php:13
[10-Nov-2021 14:18:24 UTC] PHP   4. require_once() C:\Users\nonom\Local Sites\portfolio\app\public\wp-load.php:50
[10-Nov-2021 14:18:24 UTC] PHP   5. require_once() C:\Users\nonom\Local Sites\portfolio\app\public\wp-config.php:79
[10-Nov-2021 14:18:26 UTC] PHP Fatal error:  Cannot redeclare theme_widgets_init() (previously declared in C:\Users\nonom\Local Sites\portfolio\app\public\wp-content\themes\portfolio\functions.php:131) in C:\Users\nonom\Local Sites\portfolio\app\public\wp-content\themes\portfolio\functions.php on line 155
[10-Nov-2021 14:18:26 UTC] PHP Stack trace:
[10-Nov-2021 14:18:26 UTC] PHP   1. {main}() C:\Users\nonom\Local Sites\portfolio\app\public\wp-admin\widgets.php:0
[10-Nov-2021 14:18:26 UTC] PHP   2. require_once() C:\Users\nonom\Local Sites\portfolio\app\public\wp-admin\widgets.php:10
[10-Nov-2021 14:18:26 UTC] PHP   3. require_once() C:\Users\nonom\Local Sites\portfolio\app\public\wp-admin\admin.php:34
[10-Nov-2021 14:18:26 UTC] PHP   4. require_once() C:\Users\nonom\Local Sites\portfolio\app\public\wp-load.php:50
[10-Nov-2021 14:18:26 UTC] PHP   5. require_once() C:\Users\nonom\Local Sites\portfolio\app\public\wp-config.php:79
[10-Nov-2021 14:18:26 UTC] PHP Fatal error:  Cannot redeclare theme_widgets_init() (previously declared in C:\Users\nonom\Local Sites\portfolio\app\public\wp-content\themes\portfolio\functions.php:131) in C:\Users\nonom\Local Sites\portfolio\app\public\wp-content\themes\portfolio\functions.php on line 155
[10-Nov-2021 14:18:26 UTC] PHP Stack trace:
[10-Nov-2021 14:18:26 UTC] PHP   1. {main}() C:\Users\nonom\Local Sites\portfolio\app\public\index.php:0
[10-Nov-2021 14:18:26 UTC] PHP   2. require() C:\Users\nonom\Local Sites\portfolio\app\public\index.php:17
[10-Nov-2021 14:18:26 UTC] PHP   3. require_once() C:\Users\nonom\Local Sites\portfolio\app\public\wp-blog-header.php:13
[10-Nov-2021 14:18:26 UTC] PHP   4. require_once() C:\Users\nonom\Local Sites\portfolio\app\public\wp-load.php:50
[10-Nov-2021 14:18:26 UTC] PHP   5. require_once() C:\Users\nonom\Local Sites\portfolio\app\public\wp-config.php:79
[10-Nov-2021 14:18:29 UTC] PHP Fatal error:  Cannot redeclare theme_widgets_init() (previously declared in C:\Users\nonom\Local Sites\portfolio\app\public\wp-content\themes\portfolio\functions.php:131) in C:\Users\nonom\Local Sites\portfolio\app\public\wp-content\themes\portfolio\functions.php on line 155
[10-Nov-2021 14:18:29 UTC] PHP Stack trace:
[10-Nov-2021 14:18:29 UTC] PHP   1. {main}() C:\Users\nonom\Local Sites\portfolio\app\public\wp-admin\widgets.php:0
[10-Nov-2021 14:18:29 UTC] PHP   2. require_once() C:\Users\nonom\Local Sites\portfolio\app\public\wp-admin\widgets.php:10
[10-Nov-2021 14:18:29 UTC] PHP   3. require_once() C:\Users\nonom\Local Sites\portfolio\app\public\wp-admin\admin.php:34
[10-Nov-2021 14:18:29 UTC] PHP   4. require_once() C:\Users\nonom\Local Sites\portfolio\app\public\wp-load.php:50
[10-Nov-2021 14:18:29 UTC] PHP   5. require_once() C:\Users\nonom\Local Sites\portfolio\app\public\wp-config.php:79
[10-Nov-2021 14:18:29 UTC] PHP Fatal error:  Cannot redeclare theme_widgets_init() (previously declared in C:\Users\nonom\Local Sites\portfolio\app\public\wp-content\themes\portfolio\functions.php:131) in C:\Users\nonom\Local Sites\portfolio\app\public\wp-content\themes\portfolio\functions.php on line 155
[10-Nov-2021 14:18:29 UTC] PHP Stack trace:
[10-Nov-2021 14:18:29 UTC] PHP   1. {main}() C:\Users\nonom\Local Sites\portfolio\app\public\index.php:0
[10-Nov-2021 14:18:29 UTC] PHP   2. require() C:\Users\nonom\Local Sites\portfolio\app\public\index.php:17
[10-Nov-2021 14:18:29 UTC] PHP   3. require_once() C:\Users\nonom\Local Sites\portfolio\app\public\wp-blog-header.php:13
[10-Nov-2021 14:18:29 UTC] PHP   4. require_once() C:\Users\nonom\Local Sites\portfolio\app\public\wp-load.php:50
[10-Nov-2021 14:18:29 UTC] PHP   5. require_once() C:\Users\nonom\Local Sites\portfolio\app\public\wp-config.php:79
[13-Nov-2021 15:02:14 UTC] PHP Parse error:  syntax error, unexpected 'get_template_directory_uri' (T_STRING), expecting ';' in C:\Users\nonom\Local Sites\portfolio\app\public\wp-content\themes\portfolio\functions.php on line 82
[13-Nov-2021 17:27:45 UTC] PHP Fatal error:  Cannot redeclare get_main_image() (previously declared in C:\Users\nonom\Local Sites\portfolio\app\public\wp-content\themes\portfolio\functions.php:78) in C:\Users\nonom\Local Sites\portfolio\app\public\wp-content\themes\portfolio\functions.php on line 115
[13-Nov-2021 17:27:45 UTC] PHP Stack trace:
[13-Nov-2021 17:27:45 UTC] PHP   1. {main}() C:\Users\nonom\Local Sites\portfolio\app\public\wp-admin\admin-ajax.php:0
[13-Nov-2021 17:27:45 UTC] PHP   2. require_once() C:\Users\nonom\Local Sites\portfolio\app\public\wp-admin\admin-ajax.php:22
[13-Nov-2021 17:27:45 UTC] PHP   3. require_once() C:\Users\nonom\Local Sites\portfolio\app\public\wp-load.php:50
[13-Nov-2021 17:27:45 UTC] PHP   4. require_once() C:\Users\nonom\Local Sites\portfolio\app\public\wp-config.php:79
[13-Nov-2021 17:28:44 UTC] PHP Fatal error:  Cannot redeclare get_main_image() (previously declared in C:\Users\nonom\Local Sites\portfolio\app\public\wp-content\themes\portfolio\functions.php:78) in C:\Users\nonom\Local Sites\portfolio\app\public\wp-content\themes\portfolio\functions.php on line 115
[13-Nov-2021 17:28:44 UTC] PHP Stack trace:
[13-Nov-2021 17:28:44 UTC] PHP   1. {main}() C:\Users\nonom\Local Sites\portfolio\app\public\wp-admin\edit.php:0
[13-Nov-2021 17:28:44 UTC] PHP   2. require_once() C:\Users\nonom\Local Sites\portfolio\app\public\wp-admin\edit.php:10
[13-Nov-2021 17:28:44 UTC] PHP   3. require_once() C:\Users\nonom\Local Sites\portfolio\app\public\wp-admin\admin.php:34
[13-Nov-2021 17:28:44 UTC] PHP   4. require_once() C:\Users\nonom\Local Sites\portfolio\app\public\wp-load.php:50
[13-Nov-2021 17:28:44 UTC] PHP   5. require_once() C:\Users\nonom\Local Sites\portfolio\app\public\wp-config.php:79
[13-Nov-2021 17:28:44 UTC] PHP Fatal error:  Cannot redeclare get_main_image() (previously declared in C:\Users\nonom\Local Sites\portfolio\app\public\wp-content\themes\portfolio\functions.php:78) in C:\Users\nonom\Local Sites\portfolio\app\public\wp-content\themes\portfolio\functions.php on line 115
[13-Nov-2021 17:28:44 UTC] PHP Stack trace:
[13-Nov-2021 17:28:44 UTC] PHP   1. {main}() C:\Users\nonom\Local Sites\portfolio\app\public\wp-admin\admin-ajax.php:0
[13-Nov-2021 17:28:44 UTC] PHP   2. require_once() C:\Users\nonom\Local Sites\portfolio\app\public\wp-admin\admin-ajax.php:22
[13-Nov-2021 17:28:44 UTC] PHP   3. require_once() C:\Users\nonom\Local Sites\portfolio\app\public\wp-load.php:50
[13-Nov-2021 17:28:44 UTC] PHP   4. require_once() C:\Users\nonom\Local Sites\portfolio\app\public\wp-config.php:79
[05-Dec-2021 08:18:33 UTC] PHP Fatal error:  Uncaught Error: Call to undefined function get_main_image() in C:\Users\nonom\Local Sites\portfolio\app\public\wp-content\themes\portfolio\header.php:67
Stack trace:
#0 C:\Users\nonom\Local Sites\portfolio\app\public\wp-includes\template.php(770): require_once()
#1 C:\Users\nonom\Local Sites\portfolio\app\public\wp-includes\template.php(716): load_template('C:\\Users\\nonom\\...', true, Array)
#2 C:\Users\nonom\Local Sites\portfolio\app\public\wp-includes\general-template.php(48): locate_template(Array, true, true, Array)
#3 C:\Users\nonom\Local Sites\portfolio\app\public\wp-content\themes\portfolio\single-sidebar.php(6): get_header()
#4 C:\Users\nonom\Local Sites\portfolio\app\public\wp-includes\template-loader.php(106): include('C:\\Users\\nonom\\...')
#5 C:\Users\nonom\Local Sites\portfolio\app\public\wp-blog-header.php(19): require_once('C:\\Users\\nonom\\...')
#6 C:\Users\nonom\Local Sites\portfolio\app\public\index.php(17): require('C:\\Users\\nonom\\...')
#7 {main}
  thrown in C:\Users\nonom\Local Sites\portfolio\app\public\wp-content\themes\portfolio\header.php on line 67
[05-Dec-2021 08:26:21 UTC] PHP Warning:  予期しないエラーが発生しました。WordPress.org かこのサーバーの設定に何か問題があるかもしれません。問題が続くようであれば、<a href="https://ja.wordpress.org/support/forums/">サポートフォーラム</a>を参照してみてください。 (WordPress は WordPress.org との安全な接続を確立できませんでした。サーバー管理者にご連絡ください) in C:\Users\nonom\Local Sites\portfolio\app\public\wp-admin\includes\translation-install.php on line 68
[05-Dec-2021 08:26:21 UTC] PHP Stack trace:
[05-Dec-2021 08:26:21 UTC] PHP   1. {main}() C:\Users\nonom\Local Sites\portfolio\app\public\wp-admin\profile.php:0
[05-Dec-2021 08:26:21 UTC] PHP   2. require_once() C:\Users\nonom\Local Sites\portfolio\app\public\wp-admin\profile.php:18
[05-Dec-2021 08:26:21 UTC] PHP   3. wp_dropdown_languages() C:\Users\nonom\Local Sites\portfolio\app\public\wp-admin\user-edit.php:363
[05-Dec-2021 08:26:21 UTC] PHP   4. wp_get_available_translations() C:\Users\nonom\Local Sites\portfolio\app\public\wp-includes\l10n.php:1536
[05-Dec-2021 08:26:21 UTC] PHP   5. translations_api() C:\Users\nonom\Local Sites\portfolio\app\public\wp-admin\includes\translation-install.php:133
[05-Dec-2021 08:26:21 UTC] PHP   6. trigger_error() C:\Users\nonom\Local Sites\portfolio\app\public\wp-admin\includes\translation-install.php:68
[05-Dec-2021 08:29:06 UTC] PHP Parse error:  syntax error, unexpected ')' in C:\Users\nonom\Local Sites\portfolio\app\public\wp-content\themes\portfolio\functions.php on line 79
[05-Dec-2021 08:29:07 UTC] PHP Parse error:  syntax error, unexpected ')' in C:\Users\nonom\Local Sites\portfolio\app\public\wp-content\themes\portfolio\functions.php on line 79
